  [1m[35m (1465.0ms)[0m  [1m[35mCREATE DATABASE "music_app_development" ENCODING = 'unicode'[0m
  ↳ bin/rails:9
  [1m[35m (1103.7ms)[0m  [1m[35mCREATE DATABASE "music_app_test" ENCODING = 'unicode'[0m
  ↳ bin/rails:9
  [1m[35m (20.4ms)[0m  [1m[35mCREATE TABLE "schema_migrations" ("version" character varying NOT NULL PRIMARY KEY)[0m
  ↳ bin/rails:9
  [1m[35m (6.1ms)[0m  [1m[35mCREATE TABLE "ar_internal_metadata" ("key" character varying NOT NULL PRIMARY KEY, "value" character varying, "created_at" timestamp NOT NULL, "updated_at" timestamp NOT NULL)[0m
  ↳ bin/rails:9
  [1m[35m (0.1ms)[0m  [1m[34mSELECT pg_try_advisory_lock(4505726345591715405)[0m
  ↳ bin/rails:9
  [1m[35m (4.8ms)[0m  [1m[34mSELECT "schema_migrations"."version" FROM "schema_migrations" ORDER BY "schema_migrations"."version" ASC[0m
  ↳ bin/rails:9
Migrating to CreateUsers (20210302184956)
  [1m[35m (0.1ms)[0m  [1m[35mBEGIN[0m
  ↳ bin/rails:9
  [1m[35m (7.8ms)[0m  [1m[35mCREATE TABLE "users" ("id" bigserial primary key, "email" character varying NOT NULL, "password_digest" character varying NOT NULL, "session_token" character varying NOT NULL, "created_at" timestamp NOT NULL, "updated_at" timestamp NOT NULL)[0m
  ↳ db/migrate/20210302184956_create_users.rb:3
  [1m[35m (2.3ms)[0m  [1m[35mCREATE UNIQUE INDEX  "index_users_on_email" ON "users"  ("email")[0m
  ↳ db/migrate/20210302184956_create_users.rb:10
  [1m[35m (2.3ms)[0m  [1m[35mCREATE UNIQUE INDEX  "index_users_on_session_token" ON "users"  ("session_token")[0m
  ↳ db/migrate/20210302184956_create_users.rb:11
  [1m[36mActiveRecord::SchemaMigration Create (0.5ms)[0m  [1m[32mINSERT INTO "schema_migrations" ("version") VALUES ($1) RETURNING "version"[0m  [["version", "20210302184956"]]
  ↳ bin/rails:9
  [1m[35m (0.4ms)[0m  [1m[35mCOMMIT[0m
  ↳ bin/rails:9
  [1m[36mActiveRecord::InternalMetadata Load (4.5ms)[0m  [1m[34mSELECT  "ar_internal_metadata".* FROM "ar_internal_metadata" WHERE "ar_internal_metadata"."key" = $1 LIMIT $2[0m  [["key", "environment"], ["LIMIT", 1]]
  ↳ bin/rails:9
  [1m[35m (0.1ms)[0m  [1m[35mBEGIN[0m
  ↳ bin/rails:9
  [1m[36mActiveRecord::InternalMetadata Create (0.6ms)[0m  [1m[32mINSERT INTO "ar_internal_metadata" ("key", "value", "created_at", "updated_at") VALUES ($1, $2, $3, $4) RETURNING "key"[0m  [["key", "environment"], ["value", "development"], ["created_at", "2021-03-02 18:58:23.409275"], ["updated_at", "2021-03-02 18:58:23.409275"]]
  ↳ bin/rails:9
  [1m[35m (0.3ms)[0m  [1m[35mCOMMIT[0m
  ↳ bin/rails:9
  [1m[35m (0.2ms)[0m  [1m[34mSELECT pg_advisory_unlock(4505726345591715405)[0m
  ↳ bin/rails:9
  [1m[35m (0.2ms)[0m  [1m[34mSELECT "schema_migrations"."version" FROM "schema_migrations" ORDER BY "schema_migrations"."version" ASC[0m
  ↳ bin/rails:9
  [1m[35m (4.7ms)[0m  [1m[34mSELECT "schema_migrations"."version" FROM "schema_migrations" ORDER BY "schema_migrations"."version" ASC[0m
  ↳ /home/kenneth/.rbenv/versions/2.5.1/bin/annotate:23
Started GET "/" for ::1 at 2021-03-02 10:07:28 -1000
  [1m[35m (7.5ms)[0m  [1m[34mSELECT "schema_migrations"."version" FROM "schema_migrations" ORDER BY "schema_migrations"."version" ASC[0m
  ↳ /home/kenneth/.rbenv/versions/2.5.1/lib/ruby/gems/2.5.0/gems/activerecord-5.2.4.5/lib/active_record/log_subscriber.rb:98
  
SyntaxError (/mnt/c/Users/kschl/Desktop/App Academy/aA_Classwork/W7D2/music_app/app/helpers/application_helper.rb:5: syntax error, unexpected tIDENTIFIER, expecting keyword_end
      type="hidden"
            ^~~~~~
/mnt/c/Users/kschl/Desktop/App Academy/aA_Classwork/W7D2/music_app/app/helpers/application_helper.rb:6: syntax error, unexpected tIDENTIFIER, expecting keyword_end
      name="authenticity_token"
            ^~~~~~~~~~~~~~~~~~):
  
app/helpers/application_helper.rb:5: syntax error, unexpected tIDENTIFIER, expecting keyword_end
app/helpers/application_helper.rb:6: syntax error, unexpected tIDENTIFIER, expecting keyword_end
Started GET "/" for ::1 at 2021-03-02 10:11:11 -1000
Processing by Rails::WelcomeController#index as HTML
  Rendering /home/kenneth/.rbenv/versions/2.5.1/lib/ruby/gems/2.5.0/gems/railties-5.2.4.5/lib/rails/templates/rails/welcome/index.html.erb
  Rendered /home/kenneth/.rbenv/versions/2.5.1/lib/ruby/gems/2.5.0/gems/railties-5.2.4.5/lib/rails/templates/rails/welcome/index.html.erb (1.4ms)
Completed 200 OK in 19ms (Views: 3.2ms | ActiveRecord: 0.0ms)


Started GET "/users/new" for ::1 at 2021-03-02 10:11:21 -1000
  
SyntaxError (/mnt/c/Users/kschl/Desktop/App Academy/aA_Classwork/W7D2/music_app/app/helpers/application_helper.rb:5: syntax error, unexpected tIDENTIFIER, expecting keyword_end
      type="hidden"
            ^~~~~~
/mnt/c/Users/kschl/Desktop/App Academy/aA_Classwork/W7D2/music_app/app/helpers/application_helper.rb:6: syntax error, unexpected tIDENTIFIER, expecting keyword_end
      name="authenticity_token"
            ^~~~~~~~~~~~~~~~~~):
  
app/helpers/application_helper.rb:5: syntax error, unexpected tIDENTIFIER, expecting keyword_end
app/helpers/application_helper.rb:6: syntax error, unexpected tIDENTIFIER, expecting keyword_end
app/controllers/application_controller.rb:1:in `<top (required)>'
app/controllers/users_controller.rb:1:in `<top (required)>'
Started GET "/users" for ::1 at 2021-03-02 10:11:24 -1000
  
ActionController::RoutingError (No route matches [GET] "/users"):
  
actionpack (5.2.4.5) lib/action_dispatch/middleware/debug_exceptions.rb:65:in `call'
web-console (3.7.0) lib/web_console/middleware.rb:135:in `call_app'
web-console (3.7.0) lib/web_console/middleware.rb:30:in `block in call'
web-console (3.7.0) lib/web_console/middleware.rb:20:in `catch'
web-console (3.7.0) lib/web_console/middleware.rb:20:in `call'
actionpack (5.2.4.5) lib/action_dispatch/middleware/show_exceptions.rb:33:in `call'
railties (5.2.4.5) lib/rails/rack/logger.rb:38:in `call_app'
railties (5.2.4.5) lib/rails/rack/logger.rb:26:in `block in call'
activesupport (5.2.4.5) lib/active_support/tagged_logging.rb:71:in `block in tagged'
activesupport (5.2.4.5) lib/active_support/tagged_logging.rb:28:in `tagged'
activesupport (5.2.4.5) lib/active_support/tagged_logging.rb:71:in `tagged'
railties (5.2.4.5) lib/rails/rack/logger.rb:26:in `call'
sprockets-rails (3.2.2) lib/sprockets/rails/quiet_assets.rb:13:in `call'
actionpack (5.2.4.5) lib/action_dispatch/middleware/remote_ip.rb:81:in `call'
actionpack (5.2.4.5) lib/action_dispatch/middleware/request_id.rb:27:in `call'
rack (2.2.3) lib/rack/method_override.rb:24:in `call'
rack (2.2.3) lib/rack/runtime.rb:22:in `call'
activesupport (5.2.4.5) lib/active_support/cache/strategy/local_cache_middleware.rb:29:in `call'
actionpack (5.2.4.5) lib/action_dispatch/middleware/executor.rb:14:in `call'
actionpack (5.2.4.5) lib/action_dispatch/middleware/static.rb:127:in `call'
rack (2.2.3) lib/rack/sendfile.rb:110:in `call'
railties (5.2.4.5) lib/rails/engine.rb:524:in `call'
puma (3.12.6) lib/puma/configuration.rb:227:in `call'
puma (3.12.6) lib/puma/server.rb:706:in `handle_request'
puma (3.12.6) lib/puma/server.rb:476:in `process_client'
puma (3.12.6) lib/puma/server.rb:334:in `block in run'
puma (3.12.6) lib/puma/thread_pool.rb:135:in `block in spawn_thread'
Started GET "/users/new" for ::1 at 2021-03-02 10:11:29 -1000
  
SyntaxError (/mnt/c/Users/kschl/Desktop/App Academy/aA_Classwork/W7D2/music_app/app/helpers/application_helper.rb:5: syntax error, unexpected tIDENTIFIER, expecting keyword_end
      type="hidden"
            ^~~~~~
/mnt/c/Users/kschl/Desktop/App Academy/aA_Classwork/W7D2/music_app/app/helpers/application_helper.rb:6: syntax error, unexpected tIDENTIFIER, expecting keyword_end
      name="authenticity_token"
            ^~~~~~~~~~~~~~~~~~):
  
app/helpers/application_helper.rb:5: syntax error, unexpected tIDENTIFIER, expecting keyword_end
app/helpers/application_helper.rb:6: syntax error, unexpected tIDENTIFIER, expecting keyword_end
app/controllers/application_controller.rb:1:in `<top (required)>'
app/controllers/users_controller.rb:1:in `<top (required)>'
Started GET "/session/new" for ::1 at 2021-03-02 10:11:39 -1000
  
SyntaxError (/mnt/c/Users/kschl/Desktop/App Academy/aA_Classwork/W7D2/music_app/app/helpers/application_helper.rb:5: syntax error, unexpected tIDENTIFIER, expecting keyword_end
      type="hidden"
            ^~~~~~
/mnt/c/Users/kschl/Desktop/App Academy/aA_Classwork/W7D2/music_app/app/helpers/application_helper.rb:6: syntax error, unexpected tIDENTIFIER, expecting keyword_end
      name="authenticity_token"
            ^~~~~~~~~~~~~~~~~~):
  
app/helpers/application_helper.rb:5: syntax error, unexpected tIDENTIFIER, expecting keyword_end
app/helpers/application_helper.rb:6: syntax error, unexpected tIDENTIFIER, expecting keyword_end
app/controllers/application_controller.rb:1:in `<top (required)>'
app/controllers/sessions_controller.rb:1:in `<top (required)>'
Started GET "/session/new" for ::1 at 2021-03-02 10:12:14 -1000
Processing by SessionsController#new as HTML
  Rendering sessions/new.html.erb within layouts/application
  Rendered sessions/new.html.erb within layouts/application (2.5ms)
Completed 500 Internal Server Error in 7ms (ActiveRecord: 0.0ms)


  
ActionView::Template::Error (Missing partial shared/_errors with {:locale=>[:en], :formats=>[:html], :variants=>[], :handlers=>[:raw, :erb, :html, :builder, :ruby, :coffee, :jbuilder]}. Searched in:
  * "/mnt/c/Users/kschl/Desktop/App Academy/aA_Classwork/W7D2/music_app/app/views"
):
    1: <div>
    2:   <h1>Sign in</h1>
    3: 
    4:   <%= render "shared/errors" %>
    5: 
    6:   <form action="<%= session_url %>" method="POST">
    7:   <%= auth_token %>
  
app/views/sessions/new.html.erb:4:in `_app_views_sessions_new_html_erb__3646129238797675140_70128598600360'
Started GET "/session/new" for ::1 at 2021-03-02 10:17:19 -1000
Processing by SessionsController#new as HTML
  Rendering sessions/new.html.erb within layouts/application
  Rendered shared/_errors.html.erb (0.2ms)
  Rendered sessions/new.html.erb within layouts/application (1.8ms)
Completed 200 OK in 800ms (Views: 798.2ms | ActiveRecord: 0.0ms)


